Arguments: 
  C:\Program Files (x86)\Nodist\v-x64\10.12.0\node.exe C:\Users\Hiro\AppData\Roaming\npm\node_modules\yarn\bin\yarn.js install

PATH: 
  C:\Program Files\Git\mingw64\bin;C:\Program Files\Git\usr\bin;C:\Users\Hiro\bin;C:\ProgramData\Oracle\Java\javapath;C:\Program Files (x86)\Intel\iCLS Client;C:\Program Files\Intel\iCLS Client;C:\WINDOWS\system32;C:\WINDOWS;C:\WINDOWS\System32\Wbem;C:\WINDOWS\System32\WindowsPowerShell\v1.0;C:\Program Files (x86)\Intel\Intel(R) Management Engine Components\DAL;C:\Program Files\Intel\Intel(R) Management Engine Components\DAL;C:\Program Files (x86)\Intel\Intel(R) Management Engine Components\IPT;C:\Program Files\Intel\Intel(R) Management Engine Components\IPT;C:\Users\Hiro\.dnx\bin;C:\Program Files\Microsoft DNX\Dnvm;C:\Program Files\Microsoft SQL Server\130\Tools\Binn;C:\ProgramData\ComposerSetup\bin;C:\Program Files\PostgreSQL\9.6\bin;C:\HashiCorp\Vagrant\bin;C:\ProgramData\chocolatey\bin;C:\WINDOWS\System32\OpenSSH;%NVM_HOME%;%NVM_SYMLINK%;C:\Program Files\Intel\WiFi\bin;C:\Program Files\Common Files\Intel\WirelessCommon;C:\Program Files (x86)\Nodist\bin;C:\Users\Hiro\AppData\Local\atom\bin;C:\Users\Hiro\AppData\Local\Microsoft\WindowsApps;C:\Users\Hiro\AppData\Local\Programs\Python\Python35;C:\Program Files\Docker Toolbox;C:\Program Files\Java\jdk1.8.0_121\bin;C:\Program Files\Git;C:\Program Files (x86)\Microsoft VS Code\bin;C:\php;C:\Users\Hiro\AppData\Roaming\Composer\vendor\bin;C:\Program Files\Heroku\bin;C:\Users\Hiro\AppData\Roaming\npm;C:\Users\Hiro\AppData\Roaming\nvm;C:\Program Files\nodejs

Yarn version: 
  1.10.1

Node version: 
  10.12.0

Platform: 
  win32 x64

Trace: 
  Error: getaddrinfo ENOTFOUND registry.yarnpkg.com registry.yarnpkg.com:443
      at GetAddrInfoReqWrap.onlookup [as oncomplete] (dns.js:57:26)

npm manifest: 
  {
    "name": "express-rate-limit-sample",
    "version": "0.0.0",
    "private": true,
    "scripts": {
      "start": "node ./bin/www"
    },
    "dependencies": {
      "cookie-parser": "~1.4.3",
      "debug": "~2.6.9",
      "express": "~4.16.0",
      "http-errors": "~1.6.2",
      "jade": "~1.11.0",
      "morgan": "~1.9.0"
    }
  }

yarn manifest: 
  No manifest

Lockfile: 
  No lockfile
